[13Apr2026 09:57:51.524] [main/INFO] [net.neoforged.fml.startup.Entrypoint/]: JVM Uptime at startup: 2955ms
[13Apr2026 09:57:51.539] [main/INFO] [net.neoforged.fml.loading.FMLLoader/]: Starting FancyModLoader version 10.0.14 (CLIENT in PROD)
[13Apr2026 09:57:51.539] [main/INFO] [net.neoforged.fml.loading.FMLLoader/]: Game directory: D:\Prismlauncer\instances\26.1.1\minecraft
[13Apr2026 09:57:51.593] [main/INFO] [net.neoforged.fml.loading.EarlyServiceDiscovery/]: Found 0 early service jars (out of 1) in 6ms
[13Apr2026 09:57:51.596] [main/INFO] [net.neoforged.fml.loading.ImmediateWindowHandler/]: Loading ImmediateWindowProvider fmlearlywindow
[13Apr2026 09:57:52.014] [ForkJoinPool.commonPool-worker-1/INFO] [net.neoforged.fml.loading.moddiscovery.locators.GameLocator/]: Marking obfuscated client jar as claimed to prevent loading: C:\Users\Admin\AppData\Roaming\PrismLauncher\libraries\com\mojang\minecraft\1.21.9\minecraft-1.21.9-client.jar
[13Apr2026 09:57:52.189] [ForkJoinPool.commonPool-worker-1/INFO] [net.neoforged.fml.loading.moddiscovery.locators.GameLocator/]: Failed to find common Minecraft classes and resources on the classpath. Assuming we're launching production.
[13Apr2026 09:57:52.362] [fml-loadingscreen/INFO] [net.neoforged.fml.earlydisplay.render.LoadingScreenRenderer/]: GL info: Radeon (TM) RX 470 Graphics GL version 3.3.0 Core Profile Context 26.1.1.251211, ATI Technologies Inc.
[13Apr2026 09:57:52.682] [ForkJoinPool.commonPool-worker-1/INFO] [net.neoforged.fml.loading.moddiscovery.locators.JarInJarDependencyLocator/]: Found 2 dependencies adding them to mods collection
[13Apr2026 09:57:52.685] [ForkJoinPool.commonPool-worker-1/INFO] [net.neoforged.fml.loading.moddiscovery.ModDiscoverer/]: 
     Mod List:
		Name Version (Mod Id)

		Minecraft 1.21.9 (minecraft)
		NeoForge 21.9.16-beta (neoforge)
		Sound Control 1.2.2-1.21.9-neo (soundcontrol)
[13Apr2026 09:57:52.876] [main/INFO] [mixin/]: SpongePowered MIXIN Subsystem Version=0.8.7 Source=file:/C:/Users/Admin/AppData/Roaming/PrismLauncher/libraries/net/fabricmc/sponge-mixin/0.16.4+mixin.0.8.7/sponge-mixin-0.16.4+mixin.0.8.7.jar Service=FML Env=CLIENT
[13Apr2026 09:57:52.942] [main/INFO] [net.neoforged.fml.loading.FMLLoader/]: Loading FML Plugins:
[13Apr2026 09:57:52.943] [main/INFO] [net.neoforged.fml.loading.FMLLoader/]:  - .cache/jij/51629231fe2baaddd60d570ef06ada2b2f1fe8a34133e63afdd748b9ef93f9f1/net.neoforged.neoforge-coremods-21.9.16-beta.jar
[13Apr2026 09:57:53.342] [main/INFO] [net.neoforged.fml.loading.FMLLoader/]: Building game content classloader:
 - minecraft (composite(jar(C:\Users\Admin\AppData\Roaming\PrismLauncher\libraries\net\minecraft\client\1.21.9-20250930.151910\client-1.21.9-20250930.151910-srg.jar), jar(C:\Users\Admin\AppData\Roaming\PrismLauncher\libraries\net\minecraft\client\1.21.9-20250930.151910\client-1.21.9-20250930.151910-extra.jar), jar(C:\Users\Admin\AppData\Roaming\PrismLauncher\libraries\net\neoforged\neoforge\21.9.16-beta\neoforge-21.9.16-beta-client.jar)))
 - mixinextras.neoforge (jar(D:\Prismlauncer\instances\26.1.1\minecraft\.cache\jij\9c617719248f8b89847348fc7ea5e705739c147ae5e172551264d225bc9f2507\mixinextras-neoforge-0.5.0.jar))
 - neoforge (jar(C:\Users\Admin\AppData\Roaming\PrismLauncher\libraries\net\neoforged\neoforge\21.9.16-beta\neoforge-21.9.16-beta-universal.jar))
 - net.neoforged.fml.generated (empty(VirtualJar\net.neoforged.fml.generated))
 - soundcontrol (jar(D:\Prismlauncer\instances\26.1.1\minecraft\mods\soundcontrol-1.2.2-1.21.9-neo.jar))
[13Apr2026 09:57:53.371] [main/INFO] [net.neoforged.fml.loading.FMLLoader/]: Built game content classloader in 224ms
[13Apr2026 09:57:55.798] [Datafixer Bootstrap/INFO] [com.mojang.datafixers.DataFixerBuilder/]: 281 Datafixer optimizations took 759 milliseconds
[13Apr2026 09:57:55.871] [pool-8-thread-1/INFO] [MixinExtras|Service/]: Initializing MixinExtras via com.llamalad7.mixinextras.service.MixinExtrasServiceImpl(version=0.5.0).
[13Apr2026 09:58:02.961] [modloading-worker-0/ERROR] [net.neoforged.fml.javafmlmod.FMLModContainer/LOADING]: Failed to create mod instance. ModID: soundcontrol, class soundcontrol.SoundControl
com.google.gson.JsonSyntaxException: java.lang.IllegalStateException: Expected BEGIN_OBJECT but was NUMBER at line 2 column 16 path $.
See https://github.com/google/gson/blob/main/Troubleshooting.md#unexpected-json-structure
	at com.google.gson.internal.bind.ReflectiveTypeAdapterFactory$Adapter.read(ReflectiveTypeAdapterFactory.java:520) ~[gson-2.11.0.jar:?]
	at com.google.gson.internal.bind.TypeAdapterRuntimeTypeWrapper.read(TypeAdapterRuntimeTypeWrapper.java:40) ~[gson-2.11.0.jar:?]
	at com.google.gson.internal.bind.MapTypeAdapterFactory$Adapter.read(MapTypeAdapterFactory.java:200) ~[gson-2.11.0.jar:?]
	at com.google.gson.internal.bind.MapTypeAdapterFactory$Adapter.read(MapTypeAdapterFactory.java:154) ~[gson-2.11.0.jar:?]
	at com.google.gson.Gson.fromJson(Gson.java:1361) ~[gson-2.11.0.jar:?]
	at com.google.gson.Gson.fromJson(Gson.java:1262) ~[gson-2.11.0.jar:?]
	at com.google.gson.Gson.fromJson(Gson.java:1230) ~[gson-2.11.0.jar:?]
	at TRANSFORMER/soundcontrol@1.2.2-1.21.9-neo/soundcontrol.SoundConfig.load(SoundConfig.java:41) ~[soundcontrol-1.2.2-1.21.9-neo.jar:?]
	at TRANSFORMER/soundcontrol@1.2.2-1.21.9-neo/soundcontrol.SoundControl.<init>(SoundControl.java:19) ~[soundcontrol-1.2.2-1.21.9-neo.jar:?]
	at java.base/jdk.internal.reflect.DirectConstructorHandleAccessor.newInstance(DirectConstructorHandleAccessor.java:62) ~[?:?]
	at java.base/java.lang.reflect.Constructor.newInstanceWithCaller(Constructor.java:502) ~[?:?]
	at java.base/java.lang.reflect.Constructor.newInstance(Constructor.java:486) ~[?:?]
	at net.neoforged.fml.javafmlmod.FMLModContainer.constructMod(FMLModContainer.java:118) ~[loader-10.0.14.jar:10.0]
	at net.neoforged.fml.ModLoader.lambda$constructMods$1(ModLoader.java:130) ~[loader-10.0.14.jar:10.0]
	at net.neoforged.fml.ModLoader.lambda$dispatchParallelTask$5(ModLoader.java:208) ~[loader-10.0.14.jar:10.0]
	at java.base/java.util.concurrent.CompletableFuture.uniHandle(CompletableFuture.java:934) [?:?]
	at java.base/java.util.concurrent.CompletableFuture$UniHandle.tryFire(CompletableFuture.java:911) [?:?]
	at java.base/java.util.concurrent.CompletableFuture$Completion.exec(CompletableFuture.java:483) [?:?]
	at java.base/java.util.concurrent.ForkJoinTask.doExec(ForkJoinTask.java:387) [?:?]
	at java.base/java.util.concurrent.ForkJoinPool$WorkQueue.topLevelExec(ForkJoinPool.java:1312) [?:?]
	at java.base/java.util.concurrent.ForkJoinPool.scan(ForkJoinPool.java:1843) [?:?]
	at java.base/java.util.concurrent.ForkJoinPool.runWorker(ForkJoinPool.java:1808) [?:?]
	at java.base/java.util.concurrent.ForkJoinWorkerThread.run(ForkJoinWorkerThread.java:188) [?:?]
Caused by: java.lang.IllegalStateException: Expected BEGIN_OBJECT but was NUMBER at line 2 column 16 path $.
See https://github.com/google/gson/blob/main/Troubleshooting.md#unexpected-json-structure
	at com.google.gson.stream.JsonReader.unexpectedTokenError(JsonReader.java:1768) ~[gson-2.11.0.jar:?]
	at com.google.gson.stream.JsonReader.beginObject(JsonReader.java:469) ~[gson-2.11.0.jar:?]
	at com.google.gson.internal.bind.ReflectiveTypeAdapterFactory$Adapter.read(ReflectiveTypeAdapterFactory.java:509) ~[gson-2.11.0.jar:?]
	... 22 more
[13Apr2026 09:58:02.985] [modloading-worker-0/INFO] [net.neoforged.neoforge.common.NeoForgeMod/NEOFORGE-MOD]: NeoForge mod loading, version 21.9.16-beta, for MC 1.21.9
[13Apr2026 09:58:03.266] [main/FATAL] [net.neoforged.fml.ModLoader/LOADING]: Failed to wait for future Mod Construction, 1 errors found
[13Apr2026 09:58:03.267] [main/INFO] [net.minecraft.client.main.Main/]: Completely ignored arguments: [--userType, msa]
[13Apr2026 09:58:03.517] [Render thread/INFO] [com.mojang.authlib.yggdrasil.YggdrasilAuthenticationService/]: Environment: Environment[sessionHost=https://sessionserver.mojang.com, servicesHost=https://api.minecraftservices.com, profilesHost=https://api.mojang.com, name=PROD]
[13Apr2026 09:58:03.545] [Render thread/INFO] [net.minecraft.client.Minecraft/]: Setting user: lilaktt
[13Apr2026 09:58:03.714] [Render thread/ERROR] [net.neoforged.fml.ModLoader/]: Cowardly refusing to send event net.neoforged.neoforge.client.event.RegisterKeyMappingsEvent to a broken mod state
[13Apr2026 09:58:03.776] [Render thread/INFO] [net.minecraft.client.Minecraft/]: Backend library: LWJGL version 3.3.3+5
[13Apr2026 09:58:05.202] [Render thread/ERROR] [net.neoforged.fml.ModLoader/]: Cowardly refusing to send event net.neoforged.neoforge.client.event.ConfigureGpuDeviceEvent to a broken mod state
[13Apr2026 09:58:05.206] [Render thread/INFO] [net.minecraft.client.Minecraft/]: Using optional rendering extensions: GL_ARB_buffer_storage, GL_KHR_debug, GL_ARB_vertex_attrib_binding, GL_ARB_direct_state_access
[13Apr2026 09:58:05.206] [Render thread/ERROR] [net.neoforged.fml.ModLoader/]: Cowardly refusing to send event net.neoforged.neoforge.client.event.ConfigureMainRenderTargetEvent to a broken mod state
[13Apr2026 09:58:05.308] [Render thread/ERROR] [net.neoforged.fml.ModLoader/]: Cowardly refusing to send event net.neoforged.neoforge.client.event.RegisterItemModelsEvent to a broken mod state
[13Apr2026 09:58:05.309] [Render thread/ERROR] [net.neoforged.fml.ModLoader/]: Cowardly refusing to send event net.neoforged.neoforge.client.event.RegisterSpecialModelRendererEvent to a broken mod state
[13Apr2026 09:58:05.318] [Render thread/ERROR] [net.neoforged.fml.ModLoader/]: Cowardly refusing to send event net.neoforged.neoforge.client.event.RegisterColorHandlersEvent$ItemTintSources to a broken mod state
[13Apr2026 09:58:05.339] [Render thread/ERROR] [net.neoforged.fml.ModLoader/]: Cowardly refusing to send event net.neoforged.neoforge.client.event.RegisterSelectItemModelPropertyEvent to a broken mod state
[13Apr2026 09:58:05.348] [Render thread/ERROR] [net.neoforged.fml.ModLoader/]: Cowardly refusing to send event net.neoforged.neoforge.client.event.RegisterConditionalItemModelPropertyEvent to a broken mod state
[13Apr2026 09:58:05.362] [Render thread/ERROR] [net.neoforged.fml.ModLoader/]: Cowardly refusing to send event net.neoforged.neoforge.client.event.RegisterRangeSelectItemModelPropertyEvent to a broken mod state
[13Apr2026 09:58:05.377] [Render thread/ERROR] [net.neoforged.fml.ModLoader/]: Cowardly refusing to send event net.neoforged.neoforge.client.event.RegisterSpriteSourcesEvent to a broken mod state
[13Apr2026 09:58:05.587] [Render thread/ERROR] [net.neoforged.fml.ModLoader/]: Cowardly refusing to send event net.neoforged.neoforge.client.event.sound.SoundEngineLoadEvent to a broken mod state
[13Apr2026 09:58:05.600] [Render thread/ERROR] [net.neoforged.fml.ModLoader/]: Cowardly refusing to send event net.neoforged.neoforge.client.event.RegisterTextureAtlasesEvent to a broken mod state
[13Apr2026 09:58:05.652] [Render thread/ERROR] [net.neoforged.fml.ModLoader/]: Cowardly refusing to send event net.neoforged.neoforge.client.event.RegisterColorHandlersEvent$Block to a broken mod state
[13Apr2026 09:58:05.653] [Render thread/ERROR] [net.neoforged.fml.ModLoader/]: Cowardly refusing to send event net.neoforged.neoforge.client.event.ModelEvent$RegisterLoaders to a broken mod state
[13Apr2026 09:58:05.677] [Render thread/ERROR] [net.neoforged.fml.ModLoader/]: Cowardly refusing to send event net.neoforged.neoforge.client.event.RegisterRenderBuffersEvent to a broken mod state
[13Apr2026 09:58:05.828] [Render thread/ERROR] [net.neoforged.fml.ModLoader/]: Cowardly refusing to send event net.neoforged.neoforge.client.event.RegisterParticleProvidersEvent to a broken mod state
[13Apr2026 09:58:05.895] [Render thread/ERROR] [net.neoforged.fml.ModLoader/]: Cowardly refusing to send event net.neoforged.neoforge.client.event.RegisterPictureInPictureRenderersEvent to a broken mod state
[13Apr2026 09:58:06.015] [Render thread/ERROR] [net.neoforged.fml.ModLoader/]: Cowardly refusing to send event net.neoforged.neoforge.client.extensions.common.RegisterClientExtensionsEvent to a broken mod state
[13Apr2026 09:58:06.043] [Render thread/ERROR] [net.neoforged.fml.ModLoader/]: Cowardly refusing to send event net.neoforged.neoforge.client.event.RegisterMenuScreensEvent to a broken mod state
[13Apr2026 09:58:06.061] [Render thread/ERROR] [net.neoforged.fml.ModLoader/]: Cowardly refusing to send event net.neoforged.neoforge.client.event.RegisterJsonAnimationTypesEvent to a broken mod state
[13Apr2026 09:58:06.063] [Render thread/ERROR] [net.neoforged.fml.ModLoader/]: Cowardly refusing to send event net.neoforged.neoforge.client.event.RegisterBlockStateModels to a broken mod state
[13Apr2026 09:58:06.063] [Render thread/ERROR] [net.neoforged.fml.ModLoader/]: Cowardly refusing to send event net.neoforged.neoforge.client.event.InitializeClientRegistriesEvent to a broken mod state
[13Apr2026 09:58:06.066] [Render thread/ERROR] [net.neoforged.fml.ModLoader/]: Cowardly refusing to send event net.neoforged.neoforge.client.event.AddClientReloadListenersEvent to a broken mod state
[13Apr2026 09:58:06.067] [Render thread/ERROR] [net.neoforged.fml.ModLoader/]: Cowardly refusing to send event net.neoforged.neoforge.client.event.EntityRenderersEvent$RegisterLayerDefinitions to a broken mod state
[13Apr2026 09:58:06.067] [Render thread/ERROR] [net.neoforged.fml.ModLoader/]: Cowardly refusing to send event net.neoforged.neoforge.client.event.EntityRenderersEvent$CreateSkullModels to a broken mod state
[13Apr2026 09:58:06.068] [Render thread/ERROR] [net.neoforged.fml.ModLoader/]: Cowardly refusing to send event net.neoforged.neoforge.client.event.EntityRenderersEvent$RegisterRenderers to a broken mod state
[13Apr2026 09:58:06.068] [Render thread/ERROR] [net.neoforged.fml.ModLoader/]: Cowardly refusing to send event net.neoforged.neoforge.client.renderstate.RegisterRenderStateModifiersEvent to a broken mod state
[13Apr2026 09:58:06.070] [Render thread/ERROR] [net.neoforged.fml.ModLoader/]: Cowardly refusing to send event net.neoforged.neoforge.client.event.RegisterClientTooltipComponentFactoriesEvent to a broken mod state
[13Apr2026 09:58:06.071] [Render thread/ERROR] [net.neoforged.fml.ModLoader/]: Cowardly refusing to send event net.neoforged.neoforge.client.event.RegisterEntitySpectatorShadersEvent to a broken mod state
[13Apr2026 09:58:06.072] [Render thread/ERROR] [net.neoforged.fml.ModLoader/]: Cowardly refusing to send event net.neoforged.neoforge.client.event.RegisterRecipeBookSearchCategoriesEvent to a broken mod state
[13Apr2026 09:58:06.072] [Render thread/ERROR] [net.neoforged.fml.ModLoader/]: Cowardly refusing to send event net.neoforged.neoforge.client.event.RegisterGuiLayersEvent to a broken mod state
[13Apr2026 09:58:06.073] [Render thread/ERROR] [net.neoforged.fml.ModLoader/]: Cowardly refusing to send event net.neoforged.neoforge.client.event.RegisterDimensionSpecialEffectsEvent to a broken mod state
[13Apr2026 09:58:06.075] [Render thread/ERROR] [net.neoforged.fml.ModLoader/]: Cowardly refusing to send event net.neoforged.neoforge.client.event.RegisterNamedRenderTypesEvent to a broken mod state
[13Apr2026 09:58:06.076] [Render thread/ERROR] [net.neoforged.fml.ModLoader/]: Cowardly refusing to send event net.neoforged.neoforge.client.event.RegisterColorHandlersEvent$ColorResolvers to a broken mod state
[13Apr2026 09:58:06.077] [Render thread/ERROR] [net.neoforged.fml.ModLoader/]: Cowardly refusing to send event net.neoforged.neoforge.client.event.RegisterItemDecorationsEvent to a broken mod state
[13Apr2026 09:58:06.087] [Render thread/ERROR] [net.neoforged.fml.ModLoader/]: Cowardly refusing to send event net.neoforged.neoforge.client.event.RegisterPresetEditorsEvent to a broken mod state
[13Apr2026 09:58:06.088] [Render thread/ERROR] [net.neoforged.fml.ModLoader/]: Cowardly refusing to send event net.neoforged.neoforge.client.gui.map.RegisterMapDecorationRenderersEvent to a broken mod state
[13Apr2026 09:58:06.089] [Render thread/ERROR] [net.neoforged.fml.ModLoader/]: Cowardly refusing to send event net.neoforged.neoforge.client.event.RegisterDimensionTransitionScreenEvent to a broken mod state
[13Apr2026 09:58:06.089] [Render thread/ERROR] [net.neoforged.fml.ModLoader/]: Cowardly refusing to send event net.neoforged.neoforge.client.event.RegisterRenderPipelinesEvent to a broken mod state
[13Apr2026 09:58:06.091] [Render thread/ERROR] [net.neoforged.fml.ModLoader/]: Cowardly refusing to send event net.neoforged.neoforge.client.pipeline.RegisterPipelineModifiersEvent to a broken mod state
[13Apr2026 09:58:06.249] [Render thread/INFO] [net.minecraft.server.packs.resources.ReloadableResourceManager/]: Reloading ResourceManager: vanilla
[13Apr2026 09:58:06.446] [Worker-Main-21/ERROR] [net.neoforged.fml.ModLoader/]: Cowardly refusing to send event net.neoforged.neoforge.client.event.ModelEvent$RegisterStandalone to a broken mod state
[13Apr2026 09:58:06.452] [Worker-Main-22/INFO] [net.minecraft.client.gui.font.providers.UnihexProvider/]: Found unifont_all_no_pua-16.0.03.hex, loading
[13Apr2026 09:58:06.452] [Worker-Main-13/INFO] [net.minecraft.client.gui.font.providers.UnihexProvider/]: Found unifont_pua-16.0.03.hex, loading
[13Apr2026 09:58:06.454] [Worker-Main-9/INFO] [net.minecraft.client.gui.font.providers.UnihexProvider/]: Found unifont_jp_patch-16.0.03.hex, loading
[13Apr2026 09:58:06.937] [Worker-Main-5/ERROR] [net.neoforged.fml.ModLoader/]: Cowardly refusing to send event net.neoforged.neoforge.client.event.RegisterSpecialBlockModelRendererEvent to a broken mod state
[13Apr2026 09:58:07.602] [Worker-Main-17/ERROR] [net.neoforged.fml.ModLoader/]: Cowardly refusing to send event net.neoforged.neoforge.client.event.ModelEvent$ModifyBakingResult to a broken mod state
[13Apr2026 09:58:08.217] [Render thread/INFO] [com.mojang.blaze3d.audio.Library/]: OpenAL initialized on device OpenAL Soft on Speakers (High Definition Audio Device)
[13Apr2026 09:58:08.218] [Render thread/INFO] [net.minecraft.client.sounds.SoundEngine/SOUNDS]: Sound engine started
[13Apr2026 09:58:08.219] [Render thread/ERROR] [net.neoforged.fml.ModLoader/]: Cowardly refusing to send event net.neoforged.neoforge.client.event.sound.SoundEngineLoadEvent to a broken mod state
[13Apr2026 09:58:08.220] [Render thread/INFO] [net.minecraft.client.renderer.texture.TextureAtlas/]: Created: 512x256x0 minecraft:textures/atlas/particles.png-atlas
[13Apr2026 09:58:08.226] [Render thread/ERROR] [net.neoforged.fml.ModLoader/]: Cowardly refusing to send event net.neoforged.neoforge.client.event.TextureAtlasStitchedEvent to a broken mod state
[13Apr2026 09:58:08.228] [Render thread/INFO] [net.minecraft.client.renderer.texture.TextureAtlas/]: Created: 128x64x0 minecraft:textures/atlas/decorated_pot.png-atlas
[13Apr2026 09:58:08.229] [Render thread/ERROR] [net.neoforged.fml.ModLoader/]: Cowardly refusing to send event net.neoforged.neoforge.client.event.TextureAtlasStitchedEvent to a broken mod state
[13Apr2026 09:58:08.229] [Render thread/INFO] [net.minecraft.client.renderer.texture.TextureAtlas/]: Created: 2048x1024x0 minecraft:textures/atlas/armor_trims.png-atlas
[13Apr2026 09:58:08.234] [Render thread/ERROR] [net.neoforged.fml.ModLoader/]: Cowardly refusing to send event net.neoforged.neoforge.client.event.TextureAtlasStitchedEvent to a broken mod state
[13Apr2026 09:58:08.234] [Render thread/INFO] [net.minecraft.client.renderer.texture.TextureAtlas/]: Created: 512x256x0 minecraft:textures/atlas/paintings.png-atlas
[13Apr2026 09:58:08.236] [Render thread/ERROR] [net.neoforged.fml.ModLoader/]: Cowardly refusing to send event net.neoforged.neoforge.client.event.TextureAtlasStitchedEvent to a broken mod state
[13Apr2026 09:58:08.236] [Render thread/INFO] [net.minecraft.client.renderer.texture.TextureAtlas/]: Created: 512x512x0 minecraft:textures/atlas/shield_patterns.png-atlas
[13Apr2026 09:58:08.237] [Render thread/ERROR] [net.neoforged.fml.ModLoader/]: Cowardly refusing to send event net.neoforged.neoforge.client.event.TextureAtlasStitchedEvent to a broken mod state
[13Apr2026 09:58:08.237] [Render thread/INFO] [net.minecraft.client.renderer.texture.TextureAtlas/]: Created: 1024x512x4 minecraft:textures/atlas/blocks.png-atlas
[13Apr2026 09:58:08.260] [Render thread/ERROR] [net.neoforged.fml.ModLoader/]: Cowardly refusing to send event net.neoforged.neoforge.client.event.TextureAtlasStitchedEvent to a broken mod state
[13Apr2026 09:58:08.261] [Render thread/INFO] [net.minecraft.client.renderer.texture.TextureAtlas/]: Created: 512x256x0 minecraft:textures/atlas/chest.png-atlas
[13Apr2026 09:58:08.262] [Render thread/ERROR] [net.neoforged.fml.ModLoader/]: Cowardly refusing to send event net.neoforged.neoforge.client.event.TextureAtlasStitchedEvent to a broken mod state
[13Apr2026 09:58:08.262] [Render thread/INFO] [net.minecraft.client.renderer.texture.TextureAtlas/]: Created: 512x512x0 minecraft:textures/atlas/banner_patterns.png-atlas
[13Apr2026 09:58:08.270] [Render thread/ERROR] [net.neoforged.fml.ModLoader/]: Cowardly refusing to send event net.neoforged.neoforge.client.event.TextureAtlasStitchedEvent to a broken mod state
[13Apr2026 09:58:08.270] [Render thread/INFO] [net.minecraft.client.renderer.texture.TextureAtlas/]: Created: 512x256x0 minecraft:textures/atlas/beds.png-atlas
[13Apr2026 09:58:08.276] [Render thread/ERROR] [net.neoforged.fml.ModLoader/]: Cowardly refusing to send event net.neoforged.neoforge.client.event.TextureAtlasStitchedEvent to a broken mod state
[13Apr2026 09:58:08.276] [Render thread/INFO] [net.minecraft.client.renderer.texture.TextureAtlas/]: Created: 1024x512x0 minecraft:textures/atlas/gui.png-atlas
[13Apr2026 09:58:08.296] [Render thread/ERROR] [net.neoforged.fml.ModLoader/]: Cowardly refusing to send event net.neoforged.neoforge.client.event.TextureAtlasStitchedEvent to a broken mod state
[13Apr2026 09:58:08.296] [Render thread/INFO] [net.minecraft.client.renderer.texture.TextureAtlas/]: Created: 64x64x0 minecraft:textures/atlas/map_decorations.png-atlas
[13Apr2026 09:58:08.297] [Render thread/ERROR] [net.neoforged.fml.ModLoader/]: Cowardly refusing to send event net.neoforged.neoforge.client.event.TextureAtlasStitchedEvent to a broken mod state
[13Apr2026 09:58:08.297] [Render thread/INFO] [net.minecraft.client.renderer.texture.TextureAtlas/]: Created: 256x256x0 minecraft:textures/atlas/signs.png-atlas
[13Apr2026 09:58:08.299] [Render thread/ERROR] [net.neoforged.fml.ModLoader/]: Cowardly refusing to send event net.neoforged.neoforge.client.event.TextureAtlasStitchedEvent to a broken mod state
[13Apr2026 09:58:08.299] [Render thread/INFO] [net.minecraft.client.renderer.texture.TextureAtlas/]: Created: 512x256x0 minecraft:textures/atlas/shulker_boxes.png-atlas
[13Apr2026 09:58:08.304] [Render thread/ERROR] [net.neoforged.fml.ModLoader/]: Cowardly refusing to send event net.neoforged.neoforge.client.event.TextureAtlasStitchedEvent to a broken mod state
[13Apr2026 09:58:08.638] [Render thread/ERROR] [net.neoforged.fml.ModLoader/]: Cowardly refusing to send event net.neoforged.neoforge.client.event.ModelEvent$BakingCompleted to a broken mod state
[13Apr2026 09:58:08.848] [Render thread/ERROR] [net.neoforged.fml.ModLoader/]: Cowardly refusing to send event net.neoforged.neoforge.client.event.EntityRenderersEvent$AddLayers to a broken mod state
[13Apr2026 09:58:09.018] [Render thread/ERROR] [net.minecraft.CrashReport/]: Negative index in crash report handler (0/20)
[13Apr2026 09:58:09.306] [Render thread/FATAL] [net.neoforged.neoforge.common.NeoForgeMod/]: Preparing crash report with UUID 8ee0dc61-5d7d-4151-9385-c84ab76767c5
[13Apr2026 09:58:09.306] [Render thread/FATAL] [net.neoforged.neoforge.client.loading.ClientModLoader/]: Crash report saved to D:\Prismlauncer\instances\26.1.1\minecraft\crash-reports\crash-2026-04-13_09.58.09-fml.txt
[13Apr2026 09:58:09.326] [Render thread/FATAL] [net.neoforged.neoforge.common.NeoForgeMod/]: Preparing crash report with UUID d56b9bb4-5251-4a20-8717-e9a9d4c9ac2a
